[2020-12-14 10:42:10] local.ERROR: SQLSTATE[HY000] [2002] No connection could be made because the target machine actively refused it.
 {"exception":"[object] (Doctrine\\DBAL\\Driver\\PDOException(code: 2002): SQLSTATE[HY000] [2002] No connection could be made because the target machine actively refused it.
 at C:\\Users\\uzair.siddiq\\Downloads\\Laravel Ecommerce v1.0.19\\SourceCode\\adminpanel\\vendor\\doctrine\\dbal\\lib\\Doctrine\\DBAL\\Driver\\PDOConnection.php:31)
[stacktrace]
#0 C:\\Users\\uzair.siddiq\\Downloads\\Laravel Ecommerce v1.0.19\\SourceCode\\adminpanel\\vendor\\laravel\\framework\\src\\Illuminate\\Database\\Connectors\\Connector.php(67): Doctrine\\DBAL\\Driver\\PDOConnection->__construct('mysql:host=127....', 'root', '', Array)
#1 C:\\Users\\uzair.siddiq\\Downloads\\Laravel Ecommerce v1.0.19\\SourceCode\\adminpanel\\vendor\\laravel\\framework\\src\\Illuminate\\Database\\Connectors\\Connector.php(46): Illuminate\\Database\\Connectors\\Connector->createPdoConnection('mysql:host=127....', 'root', '', Array)
#2 C:\\Users\\uzair.siddiq\\Downloads\\Laravel Ecommerce v1.0.19\\SourceCode\\adminpanel\\vendor\\laravel\\framework\\src\\Illuminate\\Database\\Connectors\\MySqlConnector.php(24): Illuminate\\Database\\Connectors\\Connector->createConnection('mysql:host=127....', Array, Array)
#3 C:\\Users\\uzair.siddiq\\Downloads\\Laravel Ecommerce v1.0.19\\SourceCode\\adminpanel\\vendor\\laravel\\framework\\src\\Illuminate\\Database\\Connectors\\ConnectionFactory.php(182): Illuminate\\Database\\Connectors\\MySqlConnector->connect(Array)
#4 [internal function]: Illuminate\\Database\\Connectors\\ConnectionFactory->Illuminate\\Database\\Connectors\\{closure}()
#5 C:\\Users\\uzair.siddiq\\Downloads\\Laravel Ecommerce v1.0.19\\SourceCode\\adminpanel\\vendor\\laravel\\framework\\src\\Illuminate\\Database\\Connection.php(920): call_user_func(Object(Closure))
#6 C:\\Users\\uzair.siddiq\\Downloads\\Laravel Ecommerce v1.0.19\\SourceCode\\adminpanel\\vendor\\laravel\\framework\\src\\Illuminate\\Database\\Connection.php(902): Illuminate\\Database\\Connection->getPdo()
#7 C:\\Users\\uzair.siddiq\\Downloads\\Laravel Ecommerce v1.0.19\\SourceCode\\adminpanel\\vendor\\laravel\\framework\\src\\Illuminate\\Database\\Connection.php(888): Illuminate\\Database\\Connection->getDoctrineConnection()
#8 C:\\Users\\uzair.siddiq\\Downloads\\Laravel Ecommerce v1.0.19\\SourceCode\\adminpanel\\vendor\\laravel\\framework\\src\\Illuminate\\Database\\DatabaseManager.php(349): Illuminate\\Database\\Connection->getDoctrineSchemaManager()
#9 C:\\Users\\uzair.siddiq\\Downloads\\Laravel Ecommerce v1.0.19\\SourceCode\\adminpanel\\vendor\\laravel\\framework\\src\\Illuminate\\Support\\Facades\\Facade.php(239): Illuminate\\Database\\DatabaseManager->__call('getDoctrineSche...', Array)
#10 C:\\Users\\uzair.siddiq\\Downloads\\Laravel Ecommerce v1.0.19\\SourceCode\\adminpanel\\vendor\\joeyrush\\better-migrate-seed\\src\\Commands\\GenerateSeedersFromDatabase.php(53): Illuminate\\Support\\Facades\\Facade::__callStatic('getDoctrineSche...', Array)
#11 [internal function]: JoeyRush\\BetterMigrateSeed\\Commands\\GenerateSeedersFromDatabase->__construct()
#12 C:\\Users\\uzair.siddiq\\Downloads\\Laravel Ecommerce v1.0.19\\SourceCode\\adminpanel\\vendor\\laravel\\framework\\src\\Illuminate\\Container\\Container.php(844): ReflectionClass->newInstanceArgs(Array)
#13 C:\\Users\\uzair.siddiq\\Downloads\\Laravel Ecommerce v1.0.19\\SourceCode\\adminpanel\\vendor\\laravel\\framework\\src\\Illuminate\\Container\\Container.php(682): Illuminate\\Container\\Container->build('JoeyRush\\\\Better...')
#14 C:\\Users\\uzair.siddiq\\Downloads\\Laravel Ecommerce v1.0.19\\SourceCode\\adminpanel\\vendor\\laravel\\framework\\src\\Illuminate\\Container\\Container.php(630): Illuminate\\Container\\Container->resolve('JoeyRush\\\\Better...', Array)
#15 C:\\Users\\uzair.siddiq\\Downloads\\Laravel Ecommerce v1.0.19\\SourceCode\\adminpanel\\vendor\\laravel\\framework\\src\\Illuminate\\Foundation\\Application.php(768): Illuminate\\Container\\Container->make('JoeyRush\\\\Better...', Array)
#16 C:\\Users\\uzair.siddiq\\Downloads\\Laravel Ecommerce v1.0.19\\SourceCode\\adminpanel\\vendor\\laravel\\framework\\src\\Illuminate\\Console\\Application.php(258): Illuminate\\Foundation\\Application->make('JoeyRush\\\\Better...')
#17 C:\\Users\\uzair.siddiq\\Downloads\\Laravel Ecommerce v1.0.19\\SourceCode\\adminpanel\\vendor\\laravel\\framework\\src\\Illuminate\\Console\\Application.php(272): Illuminate\\Console\\Application->resolve('JoeyRush\\\\Better...')
#18 C:\\Users\\uzair.siddiq\\Downloads\\Laravel Ecommerce v1.0.19\\SourceCode\\adminpanel\\vendor\\laravel\\framework\\src\\Illuminate\\Support\\ServiceProvider.php(273): Illuminate\\Console\\Application->resolveCommands(Array)
#19 C:\\Users\\uzair.siddiq\\Downloads\\Laravel Ecommerce v1.0.19\\SourceCode\\adminpanel\\vendor\\laravel\\framework\\src\\Illuminate\\Console\\Application.php(149): Illuminate\\Support\\ServiceProvider->Illuminate\\Support\\{closure}(Object(Illuminate\\Console\\Application))
#20 C:\\Users\\uzair.siddiq\\Downloads\\Laravel Ecommerce v1.0.19\\SourceCode\\adminpanel\\vendor\\laravel\\framework\\src\\Illuminate\\Console\\Application.php(72): Illuminate\\Console\\Application->bootstrap()
#21 C:\\Users\\uzair.siddiq\\Downloads\\Laravel Ecommerce v1.0.19\\SourceCode\\adminpanel\\vendor\\laravel\\framework\\src\\Illuminate\\Foundation\\Console\\Kernel.php(340): Illuminate\\Console\\Application->__construct(Object(Illuminate\\Foundation\\Application), Object(Illuminate\\Events\\Dispatcher), '6.0.0')
#22 C:\\Users\\uzair.siddiq\\Downloads\\Laravel Ecommerce v1.0.19\\SourceCode\\adminpanel\\vendor\\laravel\\framework\\src\\Illuminate\\Foundation\\Console\\Kernel.php(131): Illuminate\\Foundation\\Console\\Kernel->getArtisan()
#23 C:\\Users\\uzair.siddiq\\Downloads\\Laravel Ecommerce v1.0.19\\SourceCode\\adminpanel\\artisan(37): Illuminate\\Foundation\\Console\\Kernel->handle(Object(Symfony\\Component\\Console\\Input\\ArgvInput), Object(Symfony\\Component\\Console\\Output\\ConsoleOutput))
#24 {main}

[previous exception] [object] (PDOException(code: 2002): SQLSTATE[HY000] [2002] No connection could be made because the target machine actively refused it.
 at C:\\Users\\uzair.siddiq\\Downloads\\Laravel Ecommerce v1.0.19\\SourceCode\\adminpanel\\vendor\\doctrine\\dbal\\lib\\Doctrine\\DBAL\\Driver\\PDOConnection.php:27)
[stacktrace]
#0 C:\\Users\\uzair.siddiq\\Downloads\\Laravel Ecommerce v1.0.19\\SourceCode\\adminpanel\\vendor\\doctrine\\dbal\\lib\\Doctrine\\DBAL\\Driver\\PDOConnection.php(27): PDO->__construct('mysql:host=127....', 'root', '', Array)
#1 C:\\Users\\uzair.siddiq\\Downloads\\Laravel Ecommerce v1.0.19\\SourceCode\\adminpanel\\vendor\\laravel\\framework\\src\\Illuminate\\Database\\Connectors\\Connector.php(67): Doctrine\\DBAL\\Driver\\PDOConnection->__construct('mysql:host=127....', 'root', '', Array)
#2 C:\\Users\\uzair.siddiq\\Downloads\\Laravel Ecommerce v1.0.19\\SourceCode\\adminpanel\\vendor\\laravel\\framework\\src\\Illuminate\\Database\\Connectors\\Connector.php(46): Illuminate\\Database\\Connectors\\Connector->createPdoConnection('mysql:host=127....', 'root', '', Array)
#3 C:\\Users\\uzair.siddiq\\Downloads\\Laravel Ecommerce v1.0.19\\SourceCode\\adminpanel\\vendor\\laravel\\framework\\src\\Illuminate\\Database\\Connectors\\MySqlConnector.php(24): Illuminate\\Database\\Connectors\\Connector->createConnection('mysql:host=127....', Array, Array)
#4 C:\\Users\\uzair.siddiq\\Downloads\\Laravel Ecommerce v1.0.19\\SourceCode\\adminpanel\\vendor\\laravel\\framework\\src\\Illuminate\\Database\\Connectors\\ConnectionFactory.php(182): Illuminate\\Database\\Connectors\\MySqlConnector->connect(Array)
#5 [internal function]: Illuminate\\Database\\Connectors\\ConnectionFactory->Illuminate\\Database\\Connectors\\{closure}()
#6 C:\\Users\\uzair.siddiq\\Downloads\\Laravel Ecommerce v1.0.19\\SourceCode\\adminpanel\\vendor\\laravel\\framework\\src\\Illuminate\\Database\\Connection.php(920): call_user_func(Object(Closure))
#7 C:\\Users\\uzair.siddiq\\Downloads\\Laravel Ecommerce v1.0.19\\SourceCode\\adminpanel\\vendor\\laravel\\framework\\src\\Illuminate\\Database\\Connection.php(902): Illuminate\\Database\\Connection->getPdo()
#8 C:\\Users\\uzair.siddiq\\Downloads\\Laravel Ecommerce v1.0.19\\SourceCode\\adminpanel\\vendor\\laravel\\framework\\src\\Illuminate\\Database\\Connection.php(888): Illuminate\\Database\\Connection->getDoctrineConnection()
#9 C:\\Users\\uzair.siddiq\\Downloads\\Laravel Ecommerce v1.0.19\\SourceCode\\adminpanel\\vendor\\laravel\\framework\\src\\Illuminate\\Database\\DatabaseManager.php(349): Illuminate\\Database\\Connection->getDoctrineSchemaManager()
#10 C:\\Users\\uzair.siddiq\\Downloads\\Laravel Ecommerce v1.0.19\\SourceCode\\adminpanel\\vendor\\laravel\\framework\\src\\Illuminate\\Support\\Facades\\Facade.php(239): Illuminate\\Database\\DatabaseManager->__call('getDoctrineSche...', Array)
#11 C:\\Users\\uzair.siddiq\\Downloads\\Laravel Ecommerce v1.0.19\\SourceCode\\adminpanel\\vendor\\joeyrush\\better-migrate-seed\\src\\Commands\\GenerateSeedersFromDatabase.php(53): Illuminate\\Support\\Facades\\Facade::__callStatic('getDoctrineSche...', Array)
#12 [internal function]: JoeyRush\\BetterMigrateSeed\\Commands\\GenerateSeedersFromDatabase->__construct()
#13 C:\\Users\\uzair.siddiq\\Downloads\\Laravel Ecommerce v1.0.19\\SourceCode\\adminpanel\\vendor\\laravel\\framework\\src\\Illuminate\\Container\\Container.php(844): ReflectionClass->newInstanceArgs(Array)
#14 C:\\Users\\uzair.siddiq\\Downloads\\Laravel Ecommerce v1.0.19\\SourceCode\\adminpanel\\vendor\\laravel\\framework\\src\\Illuminate\\Container\\Container.php(682): Illuminate\\Container\\Container->build('JoeyRush\\\\Better...')
#15 C:\\Users\\uzair.siddiq\\Downloads\\Laravel Ecommerce v1.0.19\\SourceCode\\adminpanel\\vendor\\laravel\\framework\\src\\Illuminate\\Container\\Container.php(630): Illuminate\\Container\\Container->resolve('JoeyRush\\\\Better...', Array)
#16 C:\\Users\\uzair.siddiq\\Downloads\\Laravel Ecommerce v1.0.19\\SourceCode\\adminpanel\\vendor\\laravel\\framework\\src\\Illuminate\\Foundation\\Application.php(768): Illuminate\\Container\\Container->make('JoeyRush\\\\Better...', Array)
#17 C:\\Users\\uzair.siddiq\\Downloads\\Laravel Ecommerce v1.0.19\\SourceCode\\adminpanel\\vendor\\laravel\\framework\\src\\Illuminate\\Console\\Application.php(258): Illuminate\\Foundation\\Application->make('JoeyRush\\\\Better...')
#18 C:\\Users\\uzair.siddiq\\Downloads\\Laravel Ecommerce v1.0.19\\SourceCode\\adminpanel\\vendor\\laravel\\framework\\src\\Illuminate\\Console\\Application.php(272): Illuminate\\Console\\Application->resolve('JoeyRush\\\\Better...')
#19 C:\\Users\\uzair.siddiq\\Downloads\\Laravel Ecommerce v1.0.19\\SourceCode\\adminpanel\\vendor\\laravel\\framework\\src\\Illuminate\\Support\\ServiceProvider.php(273): Illuminate\\Console\\Application->resolveCommands(Array)
#20 C:\\Users\\uzair.siddiq\\Downloads\\Laravel Ecommerce v1.0.19\\SourceCode\\adminpanel\\vendor\\laravel\\framework\\src\\Illuminate\\Console\\Application.php(149): Illuminate\\Support\\ServiceProvider->Illuminate\\Support\\{closure}(Object(Illuminate\\Console\\Application))
#21 C:\\Users\\uzair.siddiq\\Downloads\\Laravel Ecommerce v1.0.19\\SourceCode\\adminpanel\\vendor\\laravel\\framework\\src\\Illuminate\\Console\\Application.php(72): Illuminate\\Console\\Application->bootstrap()
#22 C:\\Users\\uzair.siddiq\\Downloads\\Laravel Ecommerce v1.0.19\\SourceCode\\adminpanel\\vendor\\laravel\\framework\\src\\Illuminate\\Foundation\\Console\\Kernel.php(340): Illuminate\\Console\\Application->__construct(Object(Illuminate\\Foundation\\Application), Object(Illuminate\\Events\\Dispatcher), '6.0.0')
#23 C:\\Users\\uzair.siddiq\\Downloads\\Laravel Ecommerce v1.0.19\\SourceCode\\adminpanel\\vendor\\laravel\\framework\\src\\Illuminate\\Foundation\\Console\\Kernel.php(131): Illuminate\\Foundation\\Console\\Kernel->getArtisan()
#24 C:\\Users\\uzair.siddiq\\Downloads\\Laravel Ecommerce v1.0.19\\SourceCode\\adminpanel\\artisan(37): Illuminate\\Foundation\\Console\\Kernel->handle(Object(Symfony\\Component\\Console\\Input\\ArgvInput), Object(Symfony\\Component\\Console\\Output\\ConsoleOutput))
#25 {main}
"} 
[2020-12-14 10:42:35] local.ERROR: SQLSTATE[HY000] [2002] No connection could be made because the target machine actively refused it.
 {"exception":"[object] (Doctrine\\DBAL\\Driver\\PDOException(code: 2002): SQLSTATE[HY000] [2002] No connection could be made because the target machine actively refused it.
 at C:\\Users\\uzair.siddiq\\Downloads\\Laravel Ecommerce v1.0.19\\SourceCode\\adminpanel\\vendor\\doctrine\\dbal\\lib\\Doctrine\\DBAL\\Driver\\PDOConnection.php:31)
[stacktrace]
#0 C:\\Users\\uzair.siddiq\\Downloads\\Laravel Ecommerce v1.0.19\\SourceCode\\adminpanel\\vendor\\laravel\\framework\\src\\Illuminate\\Database\\Connectors\\Connector.php(67): Doctrine\\DBAL\\Driver\\PDOConnection->__construct('mysql:host=127....', 'root', '', Array)
#1 C:\\Users\\uzair.siddiq\\Downloads\\Laravel Ecommerce v1.0.19\\SourceCode\\adminpanel\\vendor\\laravel\\framework\\src\\Illuminate\\Database\\Connectors\\Connector.php(46): Illuminate\\Database\\Connectors\\Connector->createPdoConnection('mysql:host=127....', 'root', '', Array)
#2 C:\\Users\\uzair.siddiq\\Downloads\\Laravel Ecommerce v1.0.19\\SourceCode\\adminpanel\\vendor\\laravel\\framework\\src\\Illuminate\\Database\\Connectors\\MySqlConnector.php(24): Illuminate\\Database\\Connectors\\Connector->createConnection('mysql:host=127....', Array, Array)
#3 C:\\Users\\uzair.siddiq\\Downloads\\Laravel Ecommerce v1.0.19\\SourceCode\\adminpanel\\vendor\\laravel\\framework\\src\\Illuminate\\Database\\Connectors\\ConnectionFactory.php(182): Illuminate\\Database\\Connectors\\MySqlConnector->connect(Array)
#4 [internal function]: Illuminate\\Database\\Connectors\\ConnectionFactory->Illuminate\\Database\\Connectors\\{closure}()
#5 C:\\Users\\uzair.siddiq\\Downloads\\Laravel Ecommerce v1.0.19\\SourceCode\\adminpanel\\vendor\\laravel\\framework\\src\\Illuminate\\Database\\Connection.php(920): call_user_func(Object(Closure))
#6 C:\\Users\\uzair.siddiq\\Downloads\\Laravel Ecommerce v1.0.19\\SourceCode\\adminpanel\\vendor\\laravel\\framework\\src\\Illuminate\\Database\\Connection.php(902): Illuminate\\Database\\Connection->getPdo()
#7 C:\\Users\\uzair.siddiq\\Downloads\\Laravel Ecommerce v1.0.19\\SourceCode\\adminpanel\\vendor\\laravel\\framework\\src\\Illuminate\\Database\\Connection.php(888): Illuminate\\Database\\Connection->getDoctrineConnection()
#8 C:\\Users\\uzair.siddiq\\Downloads\\Laravel Ecommerce v1.0.19\\SourceCode\\adminpanel\\vendor\\laravel\\framework\\src\\Illuminate\\Database\\DatabaseManager.php(349): Illuminate\\Database\\Connection->getDoctrineSchemaManager()
#9 C:\\Users\\uzair.siddiq\\Downloads\\Laravel Ecommerce v1.0.19\\SourceCode\\adminpanel\\vendor\\laravel\\framework\\src\\Illuminate\\Support\\Facades\\Facade.php(239): Illuminate\\Database\\DatabaseManager->__call('getDoctrineSche...', Array)
#10 C:\\Users\\uzair.siddiq\\Downloads\\Laravel Ecommerce v1.0.19\\SourceCode\\adminpanel\\vendor\\joeyrush\\better-migrate-seed\\src\\Commands\\GenerateSeedersFromDatabase.php(53): Illuminate\\Support\\Facades\\Facade::__callStatic('getDoctrineSche...', Array)
#11 [internal function]: JoeyRush\\BetterMigrateSeed\\Commands\\GenerateSeedersFromDatabase->__construct()
#12 C:\\Users\\uzair.siddiq\\Downloads\\Laravel Ecommerce v1.0.19\\SourceCode\\adminpanel\\vendor\\laravel\\framework\\src\\Illuminate\\Container\\Container.php(844): ReflectionClass->newInstanceArgs(Array)
#13 C:\\Users\\uzair.siddiq\\Downloads\\Laravel Ecommerce v1.0.19\\SourceCode\\adminpanel\\vendor\\laravel\\framework\\src\\Illuminate\\Container\\Container.php(682): Illuminate\\Container\\Container->build('JoeyRush\\\\Better...')
#14 C:\\Users\\uzair.siddiq\\Downloads\\Laravel Ecommerce v1.0.19\\SourceCode\\adminpanel\\vendor\\laravel\\framework\\src\\Illuminate\\Container\\Container.php(630): Illuminate\\Container\\Container->resolve('JoeyRush\\\\Better...', Array)
#15 C:\\Users\\uzair.siddiq\\Downloads\\Laravel Ecommerce v1.0.19\\SourceCode\\adminpanel\\vendor\\laravel\\framework\\src\\Illuminate\\Foundation\\Application.php(768): Illuminate\\Container\\Container->make('JoeyRush\\\\Better...', Array)
#16 C:\\Users\\uzair.siddiq\\Downloads\\Laravel Ecommerce v1.0.19\\SourceCode\\adminpanel\\vendor\\laravel\\framework\\src\\Illuminate\\Console\\Application.php(258): Illuminate\\Foundation\\Application->make('JoeyRush\\\\Better...')
#17 C:\\Users\\uzair.siddiq\\Downloads\\Laravel Ecommerce v1.0.19\\SourceCode\\adminpanel\\vendor\\laravel\\framework\\src\\Illuminate\\Console\\Application.php(272): Illuminate\\Console\\Application->resolve('JoeyRush\\\\Better...')
#18 C:\\Users\\uzair.siddiq\\Downloads\\Laravel Ecommerce v1.0.19\\SourceCode\\adminpanel\\vendor\\laravel\\framework\\src\\Illuminate\\Support\\ServiceProvider.php(273): Illuminate\\Console\\Application->resolveCommands(Array)
#19 C:\\Users\\uzair.siddiq\\Downloads\\Laravel Ecommerce v1.0.19\\SourceCode\\adminpanel\\vendor\\laravel\\framework\\src\\Illuminate\\Console\\Application.php(149): Illuminate\\Support\\ServiceProvider->Illuminate\\Support\\{closure}(Object(Illuminate\\Console\\Application))
#20 C:\\Users\\uzair.siddiq\\Downloads\\Laravel Ecommerce v1.0.19\\SourceCode\\adminpanel\\vendor\\laravel\\framework\\src\\Illuminate\\Console\\Application.php(72): Illuminate\\Console\\Application->bootstrap()
#21 C:\\Users\\uzair.siddiq\\Downloads\\Laravel Ecommerce v1.0.19\\SourceCode\\adminpanel\\vendor\\laravel\\framework\\src\\Illuminate\\Foundation\\Console\\Kernel.php(340): Illuminate\\Console\\Application->__construct(Object(Illuminate\\Foundation\\Application), Object(Illuminate\\Events\\Dispatcher), '6.0.0')
#22 C:\\Users\\uzair.siddiq\\Downloads\\Laravel Ecommerce v1.0.19\\SourceCode\\adminpanel\\vendor\\laravel\\framework\\src\\Illuminate\\Foundation\\Console\\Kernel.php(131): Illuminate\\Foundation\\Console\\Kernel->getArtisan()
#23 C:\\Users\\uzair.siddiq\\Downloads\\Laravel Ecommerce v1.0.19\\SourceCode\\adminpanel\\artisan(37): Illuminate\\Foundation\\Console\\Kernel->handle(Object(Symfony\\Component\\Console\\Input\\ArgvInput), Object(Symfony\\Component\\Console\\Output\\ConsoleOutput))
#24 {main}

[previous exception] [object] (PDOException(code: 2002): SQLSTATE[HY000] [2002] No connection could be made because the target machine actively refused it.
 at C:\\Users\\uzair.siddiq\\Downloads\\Laravel Ecommerce v1.0.19\\SourceCode\\adminpanel\\vendor\\doctrine\\dbal\\lib\\Doctrine\\DBAL\\Driver\\PDOConnection.php:27)
[stacktrace]
#0 C:\\Users\\uzair.siddiq\\Downloads\\Laravel Ecommerce v1.0.19\\SourceCode\\adminpanel\\vendor\\doctrine\\dbal\\lib\\Doctrine\\DBAL\\Driver\\PDOConnection.php(27): PDO->__construct('mysql:host=127....', 'root', '', Array)
#1 C:\\Users\\uzair.siddiq\\Downloads\\Laravel Ecommerce v1.0.19\\SourceCode\\adminpanel\\vendor\\laravel\\framework\\src\\Illuminate\\Database\\Connectors\\Connector.php(67): Doctrine\\DBAL\\Driver\\PDOConnection->__construct('mysql:host=127....', 'root', '', Array)
#2 C:\\Users\\uzair.siddiq\\Downloads\\Laravel Ecommerce v1.0.19\\SourceCode\\adminpanel\\vendor\\laravel\\framework\\src\\Illuminate\\Database\\Connectors\\Connector.php(46): Illuminate\\Database\\Connectors\\Connector->createPdoConnection('mysql:host=127....', 'root', '', Array)
#3 C:\\Users\\uzair.siddiq\\Downloads\\Laravel Ecommerce v1.0.19\\SourceCode\\adminpanel\\vendor\\laravel\\framework\\src\\Illuminate\\Database\\Connectors\\MySqlConnector.php(24): Illuminate\\Database\\Connectors\\Connector->createConnection('mysql:host=127....', Array, Array)
#4 C:\\Users\\uzair.siddiq\\Downloads\\Laravel Ecommerce v1.0.19\\SourceCode\\adminpanel\\vendor\\laravel\\framework\\src\\Illuminate\\Database\\Connectors\\ConnectionFactory.php(182): Illuminate\\Database\\Connectors\\MySqlConnector->connect(Array)
#5 [internal function]: Illuminate\\Database\\Connectors\\ConnectionFactory->Illuminate\\Database\\Connectors\\{closure}()
#6 C:\\Users\\uzair.siddiq\\Downloads\\Laravel Ecommerce v1.0.19\\SourceCode\\adminpanel\\vendor\\laravel\\framework\\src\\Illuminate\\Database\\Connection.php(920): call_user_func(Object(Closure))
#7 C:\\Users\\uzair.siddiq\\Downloads\\Laravel Ecommerce v1.0.19\\SourceCode\\adminpanel\\vendor\\laravel\\framework\\src\\Illuminate\\Database\\Connection.php(902): Illuminate\\Database\\Connection->getPdo()
#8 C:\\Users\\uzair.siddiq\\Downloads\\Laravel Ecommerce v1.0.19\\SourceCode\\adminpanel\\vendor\\laravel\\framework\\src\\Illuminate\\Database\\Connection.php(888): Illuminate\\Database\\Connection->getDoctrineConnection()
#9 C:\\Users\\uzair.siddiq\\Downloads\\Laravel Ecommerce v1.0.19\\SourceCode\\adminpanel\\vendor\\laravel\\framework\\src\\Illuminate\\Database\\DatabaseManager.php(349): Illuminate\\Database\\Connection->getDoctrineSchemaManager()
#10 C:\\Users\\uzair.siddiq\\Downloads\\Laravel Ecommerce v1.0.19\\SourceCode\\adminpanel\\vendor\\laravel\\framework\\src\\Illuminate\\Support\\Facades\\Facade.php(239): Illuminate\\Database\\DatabaseManager->__call('getDoctrineSche...', Array)
#11 C:\\Users\\uzair.siddiq\\Downloads\\Laravel Ecommerce v1.0.19\\SourceCode\\adminpanel\\vendor\\joeyrush\\better-migrate-seed\\src\\Commands\\GenerateSeedersFromDatabase.php(53): Illuminate\\Support\\Facades\\Facade::__callStatic('getDoctrineSche...', Array)
#12 [internal function]: JoeyRush\\BetterMigrateSeed\\Commands\\GenerateSeedersFromDatabase->__construct()
#13 C:\\Users\\uzair.siddiq\\Downloads\\Laravel Ecommerce v1.0.19\\SourceCode\\adminpanel\\vendor\\laravel\\framework\\src\\Illuminate\\Container\\Container.php(844): ReflectionClass->newInstanceArgs(Array)
#14 C:\\Users\\uzair.siddiq\\Downloads\\Laravel Ecommerce v1.0.19\\SourceCode\\adminpanel\\vendor\\laravel\\framework\\src\\Illuminate\\Container\\Container.php(682): Illuminate\\Container\\Container->build('JoeyRush\\\\Better...')
#15 C:\\Users\\uzair.siddiq\\Downloads\\Laravel Ecommerce v1.0.19\\SourceCode\\adminpanel\\vendor\\laravel\\framework\\src\\Illuminate\\Container\\Container.php(630): Illuminate\\Container\\Container->resolve('JoeyRush\\\\Better...', Array)
#16 C:\\Users\\uzair.siddiq\\Downloads\\Laravel Ecommerce v1.0.19\\SourceCode\\adminpanel\\vendor\\laravel\\framework\\src\\Illuminate\\Foundation\\Application.php(768): Illuminate\\Container\\Container->make('JoeyRush\\\\Better...', Array)
#17 C:\\Users\\uzair.siddiq\\Downloads\\Laravel Ecommerce v1.0.19\\SourceCode\\adminpanel\\vendor\\laravel\\framework\\src\\Illuminate\\Console\\Application.php(258): Illuminate\\Foundation\\Application->make('JoeyRush\\\\Better...')
#18 C:\\Users\\uzair.siddiq\\Downloads\\Laravel Ecommerce v1.0.19\\SourceCode\\adminpanel\\vendor\\laravel\\framework\\src\\Illuminate\\Console\\Application.php(272): Illuminate\\Console\\Application->resolve('JoeyRush\\\\Better...')
#19 C:\\Users\\uzair.siddiq\\Downloads\\Laravel Ecommerce v1.0.19\\SourceCode\\adminpanel\\vendor\\laravel\\framework\\src\\Illuminate\\Support\\ServiceProvider.php(273): Illuminate\\Console\\Application->resolveCommands(Array)
#20 C:\\Users\\uzair.siddiq\\Downloads\\Laravel Ecommerce v1.0.19\\SourceCode\\adminpanel\\vendor\\laravel\\framework\\src\\Illuminate\\Console\\Application.php(149): Illuminate\\Support\\ServiceProvider->Illuminate\\Support\\{closure}(Object(Illuminate\\Console\\Application))
#21 C:\\Users\\uzair.siddiq\\Downloads\\Laravel Ecommerce v1.0.19\\SourceCode\\adminpanel\\vendor\\laravel\\framework\\src\\Illuminate\\Console\\Application.php(72): Illuminate\\Console\\Application->bootstrap()
#22 C:\\Users\\uzair.siddiq\\Downloads\\Laravel Ecommerce v1.0.19\\SourceCode\\adminpanel\\vendor\\laravel\\framework\\src\\Illuminate\\Foundation\\Console\\Kernel.php(340): Illuminate\\Console\\Application->__construct(Object(Illuminate\\Foundation\\Application), Object(Illuminate\\Events\\Dispatcher), '6.0.0')
#23 C:\\Users\\uzair.siddiq\\Downloads\\Laravel Ecommerce v1.0.19\\SourceCode\\adminpanel\\vendor\\laravel\\framework\\src\\Illuminate\\Foundation\\Console\\Kernel.php(131): Illuminate\\Foundation\\Console\\Kernel->getArtisan()
#24 C:\\Users\\uzair.siddiq\\Downloads\\Laravel Ecommerce v1.0.19\\SourceCode\\adminpanel\\artisan(37): Illuminate\\Foundation\\Console\\Kernel->handle(Object(Symfony\\Component\\Console\\Input\\ArgvInput), Object(Symfony\\Component\\Console\\Output\\ConsoleOutput))
#25 {main}
"} 
